#
# A fatal error has been detected by the Java Runtime Environment:
#
#  SIGSEGV (0xb) at pc=0x00000001025b9579, pid=1680, tid=0x0000000000001c03
#
# JRE version:  (8.0_101-b13) (build )
# Java VM: Java HotSpot(TM) 64-Bit Server VM (25.101-b13 mixed mode bsd-amd64 compressed oops)
# Problematic frame:
# V  [libjvm.dylib+0xbd579]  Assembler::emit_operand(RegisterImpl*, RegisterImpl*, RegisterImpl*, Address::ScaleFactor, int, RelocationHolder const&, int)+0x3d
#
# Failed to write core dump. Core dumps have been disabled. To enable core dumping, try "ulimit -c unlimited" before starting Java again
#
# If you would like to submit a bug report, please visit:
#   http://bugreport.java.com/bugreport/crash.jsp
#

---------------  T H R E A D  ---------------

Current thread (0x00007fa622000800):  JavaThread "Unknown thread" [_thread_in_vm, id=7171, stack(0x0000700002d6c000,0x0000700002e6c000)]

siginfo: si_signo: 11 (SIGSEGV), si_code: 0 (unknown), si_addr: 0x0000000000000000

Registers:
RAX=0x0000000102ab8e8e, RBX=0x00000000ffffffff, RCX=0x4800070ffb058d48, RDX=0xffffffffffffffff
RSP=0x0000700002e6a388, RBP=0x0000700002e6a3b8, RSI=0x0000000002e6b980, RDI=0x0000000102ab8e8e
R8 =0x00000000ffffffff, R9 =0x0000000000000000, R10=0x00000000fffe0000, R11=0x0000000000000001
R12=0x00007fa6207007c0, R13=0x000000001735cbc0, R14=0x0000000000000006, R15=0xffffffffffffffff
RIP=0x00000001025b9579, EFLAGS=0x0000000000010207, ERR=0x0000000000000000
  TRAPNO=0x000000000000000d

Top of Stack: (sp=0x0000700002e6a388)
0x0000700002e6a388:   0000000002dced20 0000700002e6b980
0x0000700002e6a398:   0000000000000001 0000000000001c03
0x0000700002e6a3a8:   0000000000000006 0000000000000001
0x0000700002e6a3b8:   0000700002e6b970 00000001025bf431
0x0000700002e6a3c8:   0000000102ab8e8e 0000000000000006
0x0000700002e6a3d8:   ffffffffffffffff 00000004ffffffff
0x0000700002e6a3e8:   0000000102dced20 0000000000000000
0x0000700002e6a3f8:   0000700002e6aad0 0000000102480a07
0x0000700002e6a408:   0000700002e6b2b8 0000000103499160
0x0000700002e6a418:   0000700002e6b980 00007fa620407ee0
0x0000700002e6a428:   0000008dffffffff 0000000000000109
0x0000700002e6a438:   0000000200000000 0000000000000000
0x0000700002e6a448:   00000000ffffffff 0000000000000000
0x0000700002e6a458:   0000000000000000 0000000000000000
0x0000700002e6a468:   00000001ffffffff 0000000000000000
0x0000700002e6a478:   0000000000000000 0000000000000000
0x0000700002e6a488:   00007fffffffffff 00000001024baa30
0x0000700002e6a498:   00000000024baa30 0000000000000000
0x0000700002e6a4a8:   00007000ffffffff 0000700002e6a4f0
0x0000700002e6a4b8:   000000000248bd8a 0000000000000000
0x0000700002e6a4c8:   00000001ffffffff 0000700002e6a530
0x0000700002e6a4d8:   0000000002480a07 0000000000000000
0x0000700002e6a4e8:   00000185ffffffff 000002f900000251
0x0000700002e6a4f8:   0000000302e6b280 0000000000000000
0x0000700002e6a508:   00000001ffffffff 0000700002e6b240
0x0000700002e6a518:   0000000002e6ac00 0000000000000000
0x0000700002e6a528:   000000e10000011d 0000700002e6a590
0x0000700002e6a538:   0000000002480a4b 0000000000000000
0x0000700002e6a548:   00007000000000e9 0000700002e6ac00
0x0000700002e6a558:   0000000002e6b280 0000000000000000
0x0000700002e6a568:   00000065000000a1 0000700002e6b240
0x0000700002e6a578:   0000000002e6ac00 0000000000000000 

Instructions: (pc=0x00000001025b9579)
0x00000001025b9559:   d7 49 89 fc 44 8d ae f8 ff ff 1f 83 fe 07 44 0f
0x00000001025b9569:   4e ee 41 c1 e5 03 48 8b 45 10 48 8b 08 48 89 c7
0x00000001025b9579:   ff 51 10 49 83 fe 10 8b 4d 18 72 04 31 d2 eb 12
0x00000001025b9589:   41 8d 96 f8 ff ff 1f 41 83 fe 07 41 0f 4e d6 c1 

Stack: [0x0000700002d6c000,0x0000700002e6c000],  sp=0x0000700002e6a388,  free space=1016k
Native frames: (J=compiled Java code, j=interpreted, Vv=VM code, C=native code)
V  [libjvm.dylib+0xbd579]  Assembler::emit_operand(RegisterImpl*, RegisterImpl*, RegisterImpl*, Address::ScaleFactor, int, RelocationHolder const&, int)+0x3d
V  [libjvm.dylib+0xc3431]  Assembler::movsbl(RegisterImpl*, Address)+0xdd
V  [libjvm.dylib+0x5bb3b4]  VM_Version::initialize()+0xbc
V  [libjvm.dylib+0x2b26c3]  init_globals()+0x3d
V  [libjvm.dylib+0x56b79b]  Threads::create_vm(JavaVMInitArgs*, bool*)+0x1cf
V  [libjvm.dylib+0x323463]  JNI_CreateJavaVM+0x76
C  [java+0x30a1]  JavaMain+0x134
C  [libsystem_pthread.dylib+0x393b]  _pthread_body+0xb4
C  [libsystem_pthread.dylib+0x3887]  _pthread_body+0x0
C  [libsystem_pthread.dylib+0x308d]  thread_start+0xd
C  0x0000000000000000


---------------  P R O C E S S  ---------------

Java Threads: ( => current thread )

Other Threads:

=>0x00007fa622000800 (exited) JavaThread "Unknown thread" [_thread_in_vm, id=7171, stack(0x0000700002d6c000,0x0000700002e6c000)]

VM state:not at safepoint (not fully initialized)

VM Mutex/Monitor currently owned by a thread: None

Deoptimization events (0 events):
No events

Internal exceptions (0 events):
No events

Events (0 events):
No events


Dynamic libraries:
0x00000000349cf000 	/System/Library/Frameworks/Cocoa.framework/Versions/A/Cocoa
0x00000000349cf000 	/System/Library/Frameworks/Security.framework/Versions/A/Security
0x00000000349cf000 	/System/Library/Frameworks/ApplicationServices.framework/Versions/A/ApplicationServices
0x00000000349cf000 	/usr/lib/libz.1.dylib
0x00000000349cf000 	/usr/lib/libSystem.B.dylib
0x00000000349cf000 	/usr/lib/libobjc.A.dylib
0x00000000349cf000 	/System/Library/Frameworks/CoreFoundation.framework/Versions/A/CoreFoundation
0x00000000349cf000 	/System/Library/Frameworks/Foundation.framework/Versions/C/Foundation
0x00000000349cf000 	/System/Library/Frameworks/AppKit.framework/Versions/C/AppKit
0x00000000349cf000 	/System/Library/Frameworks/CoreData.framework/Versions/A/CoreData
0x00000000349cf000 	/System/Library/PrivateFrameworks/RemoteViewServices.framework/Versions/A/RemoteViewServices
0x00000000349cf000 	/System/Library/PrivateFrameworks/UIFoundation.framework/Versions/A/UIFoundation
0x00000000349cf000 	/System/Library/PrivateFrameworks/DFRFoundation.framework/Versions/A/DFRFoundation
0x00000000349cf000 	/usr/lib/libenergytrace.dylib
0x00000000349cf000 	/System/Library/PrivateFrameworks/SkyLight.framework/Versions/A/SkyLight
0x00000000349cf000 	/System/Library/Frameworks/CoreGraphics.framework/Versions/A/CoreGraphics
0x00000000349cf000 	/usr/lib/libScreenReader.dylib
0x00000000349cf000 	/System/Library/Frameworks/Accelerate.framework/Versions/A/Accelerate
0x00000000349cf000 	/System/Library/Frameworks/IOSurface.framework/Versions/A/IOSurface
0x00000000349cf000 	/System/Library/Frameworks/AudioToolbox.framework/Versions/A/AudioToolbox
0x00000000349cf000 	/System/Library/Frameworks/AudioUnit.framework/Versions/A/AudioUnit
0x00000000349cf000 	/System/Library/PrivateFrameworks/DataDetectorsCore.framework/Versions/A/DataDetectorsCore
0x00000000349cf000 	/System/Library/PrivateFrameworks/DesktopServicesPriv.framework/Versions/A/DesktopServicesPriv
0x00000000349cf000 	/System/Library/Frameworks/Carbon.framework/Versions/A/Frameworks/HIToolbox.framework/Versions/A/HIToolbox
0x00000000349cf000 	/usr/lib/libicucore.A.dylib
0x00000000349cf000 	/System/Library/Frameworks/QuartzCore.framework/Versions/A/QuartzCore
0x00000000349cf000 	/System/Library/Frameworks/Carbon.framework/Versions/A/Frameworks/SpeechRecognition.framework/Versions/A/SpeechRecognition
0x00000000349cf000 	/usr/lib/libauto.dylib
0x00000000349cf000 	/usr/lib/libxml2.2.dylib
0x00000000349cf000 	/System/Library/PrivateFrameworks/CoreUI.framework/Versions/A/CoreUI
0x00000000349cf000 	/System/Library/Frameworks/CoreAudio.framework/Versions/A/CoreAudio
0x00000000349cf000 	/System/Library/Frameworks/DiskArbitration.framework/Versions/A/DiskArbitration
0x00000000349cf000 	/usr/lib/liblangid.dylib
0x00000000349cf000 	/System/Library/PrivateFrameworks/MultitouchSupport.framework/Versions/A/MultitouchSupport
0x00000000349cf000 	/System/Library/Frameworks/IOKit.framework/Versions/A/IOKit
0x00000000349cf000 	/usr/lib/libDiagnosticMessagesClient.dylib
0x00000000349cf000 	/System/Library/Frameworks/CoreServices.framework/Versions/A/CoreServices
0x00000000349cf000 	/System/Library/PrivateFrameworks/PerformanceAnalysis.framework/Versions/A/PerformanceAnalysis
0x00000000349cf000 	/System/Library/PrivateFrameworks/GenerationalStorage.framework/Versions/A/GenerationalStorage
0x00000000349cf000 	/System/Library/Frameworks/OpenGL.framework/Versions/A/OpenGL
0x00000000349cf000 	/System/Library/Frameworks/CoreImage.framework/Versions/A/CoreImage
0x00000000349cf000 	/System/Library/Frameworks/CoreText.framework/Versions/A/CoreText
0x00000000349cf000 	/System/Library/Frameworks/ImageIO.framework/Versions/A/ImageIO
0x00000000349cf000 	/System/Library/PrivateFrameworks/Backup.framework/Versions/A/Backup
0x00000000349cf000 	/usr/lib/libarchive.2.dylib
0x00000000349cf000 	/System/Library/Frameworks/CFNetwork.framework/Versions/A/CFNetwork
0x00000000349cf000 	/System/Library/Frameworks/SystemConfiguration.framework/Versions/A/SystemConfiguration
0x00000000349cf000 	/usr/lib/libCRFSuite.dylib
0x00000000349cf000 	/usr/lib/libc++.1.dylib
0x00000000349cf000 	/usr/lib/libc++abi.dylib
0x00000000349cf000 	/usr/lib/system/libcache.dylib
0x00000000349cf000 	/usr/lib/system/libcommonCrypto.dylib
0x00000000349cf000 	/usr/lib/system/libcompiler_rt.dylib
0x00000000349cf000 	/usr/lib/system/libcopyfile.dylib
0x00000000349cf000 	/usr/lib/system/libcorecrypto.dylib
0x00000000349cf000 	/usr/lib/system/libdispatch.dylib
0x00000000349cf000 	/usr/lib/system/libdyld.dylib
0x00000000349cf000 	/usr/lib/system/libkeymgr.dylib
0x00000000349cf000 	/usr/lib/system/liblaunch.dylib
0x00000000349cf000 	/usr/lib/system/libmacho.dylib
0x00000000349cf000 	/usr/lib/system/libquarantine.dylib
0x00000000349cf000 	/usr/lib/system/libremovefile.dylib
0x00000000349cf000 	/usr/lib/system/libsystem_asl.dylib
0x00000000349cf000 	/usr/lib/system/libsystem_blocks.dylib
0x00000000349cf000 	/usr/lib/system/libsystem_c.dylib
0x00000000349cf000 	/usr/lib/system/libsystem_configuration.dylib
0x00000000349cf000 	/usr/lib/system/libsystem_coreservices.dylib
0x00000000349cf000 	/usr/lib/system/libsystem_coretls.dylib
0x00000000349cf000 	/usr/lib/system/libsystem_dnssd.dylib
0x00000000349cf000 	/usr/lib/system/libsystem_info.dylib
0x00000000349cf000 	/usr/lib/system/libsystem_kernel.dylib
0x00000000349cf000 	/usr/lib/system/libsystem_m.dylib
0x00000000349cf000 	/usr/lib/system/libsystem_malloc.dylib
0x00000000349cf000 	/usr/lib/system/libsystem_network.dylib
0x00000000349cf000 	/usr/lib/system/libsystem_networkextension.dylib
0x00000000349cf000 	/usr/lib/system/libsystem_notify.dylib
0x00000000349cf000 	/usr/lib/system/libsystem_platform.dylib
0x00000000349cf000 	/usr/lib/system/libsystem_pthread.dylib
0x00000000349cf000 	/usr/lib/system/libsystem_sandbox.dylib
0x00000000349cf000 	/usr/lib/system/libsystem_secinit.dylib
0x00000000349cf000 	/usr/lib/system/libsystem_symptoms.dylib
0x00000000349cf000 	/usr/lib/system/libsystem_trace.dylib
0x00000000349cf000 	/usr/lib/system/libunwind.dylib
0x00000000349cf000 	/usr/lib/system/libxpc.dylib
0x00000000349cf000 	/usr/lib/libbsm.0.dylib
0x00000000349cf000 	/usr/lib/system/libkxld.dylib
0x00000000349cf000 	/usr/lib/libcoretls.dylib
0x00000000349cf000 	/usr/lib/libcoretls_cfhelpers.dylib
0x00000000349cf000 	/usr/lib/libOpenScriptingUtil.dylib
0x00000000349cf000 	/usr/lib/libpam.2.dylib
0x00000000349cf000 	/usr/lib/libsqlite3.dylib
0x00000000349cf000 	/usr/lib/libxar.1.dylib
0x00000000349cf000 	/usr/lib/libbz2.1.0.dylib
0x00000000349cf000 	/usr/lib/liblzma.5.dylib
0x00000000349cf000 	/usr/lib/libnetwork.dylib
0x00000000349cf000 	/usr/lib/libpcap.A.dylib
0x00000000349cf000 	/System/Library/Frameworks/CoreServices.framework/Versions/A/Frameworks/FSEvents.framework/Versions/A/FSEvents
0x00000000349cf000 	/System/Library/Frameworks/CoreServices.framework/Versions/A/Frameworks/CarbonCore.framework/Versions/A/CarbonCore
0x00000000349cf000 	/System/Library/Frameworks/CoreServices.framework/Versions/A/Frameworks/Metadata.framework/Versions/A/Metadata
0x00000000349cf000 	/System/Library/Frameworks/CoreServices.framework/Versions/A/Frameworks/OSServices.framework/Versions/A/OSServices
0x00000000349cf000 	/System/Library/Frameworks/CoreServices.framework/Versions/A/Frameworks/SearchKit.framework/Versions/A/SearchKit
0x00000000349cf000 	/System/Library/Frameworks/CoreServices.framework/Versions/A/Frameworks/AE.framework/Versions/A/AE
0x00000000349cf000 	/System/Library/Frameworks/CoreServices.framework/Versions/A/Frameworks/LaunchServices.framework/Versions/A/LaunchServices
0x00000000349cf000 	/System/Library/Frameworks/CoreServices.framework/Versions/A/Frameworks/DictionaryServices.framework/Versions/A/DictionaryServices
0x00000000349cf000 	/System/Library/Frameworks/CoreServices.framework/Versions/A/Frameworks/SharedFileList.framework/Versions/A/SharedFileList
0x00000000349cf000 	/System/Library/Frameworks/NetFS.framework/Versions/A/NetFS
0x00000000349cf000 	/System/Library/PrivateFrameworks/NetAuth.framework/Versions/A/NetAuth
0x00000000349cf000 	/System/Library/PrivateFrameworks/login.framework/Versions/A/Frameworks/loginsupport.framework/Versions/A/loginsupport
0x00000000349cf000 	/System/Library/PrivateFrameworks/TCC.framework/Versions/A/TCC
0x00000000349cf000 	/usr/lib/libmecabra.dylib
0x00000000349cf000 	/System/Library/Frameworks/ApplicationServices.framework/Versions/A/Frameworks/ATS.framework/Versions/A/ATS
0x00000000349cf000 	/System/Library/Frameworks/ApplicationServices.framework/Versions/A/Frameworks/ColorSync.framework/Versions/A/ColorSync
0x00000000349cf000 	/System/Library/Frameworks/ApplicationServices.framework/Versions/A/Frameworks/HIServices.framework/Versions/A/HIServices
0x00000000349cf000 	/System/Library/Frameworks/ApplicationServices.framework/Versions/A/Frameworks/LangAnalysis.framework/Versions/A/LangAnalysis
0x00000000349cf000 	/System/Library/Frameworks/ApplicationServices.framework/Versions/A/Frameworks/PrintCore.framework/Versions/A/PrintCore
0x00000000349cf000 	/System/Library/Frameworks/ApplicationServices.framework/Versions/A/Frameworks/QD.framework/Versions/A/QD
0x00000000349cf000 	/System/Library/Frameworks/ApplicationServices.framework/Versions/A/Frameworks/SpeechSynthesis.framework/Versions/A/SpeechSynthesis
0x00000000349cf000 	/System/Library/Frameworks/Accelerate.framework/Versions/A/Frameworks/vImage.framework/Versions/A/vImage
0x00000000349cf000 	/System/Library/Frameworks/Accelerate.framework/Versions/A/Frameworks/vecLib.framework/Versions/A/vecLib
0x00000000349cf000 	/System/Library/Frameworks/Accelerate.framework/Versions/A/Frameworks/vecLib.framework/Versions/A/libvDSP.dylib
0x00000000349cf000 	/System/Library/Frameworks/Accelerate.framework/Versions/A/Frameworks/vecLib.framework/Versions/A/libBNNS.dylib
0x00000000349cf000 	/System/Library/Frameworks/Accelerate.framework/Versions/A/Frameworks/vecLib.framework/Versions/A/libQuadrature.dylib
0x00000000349cf000 	/System/Library/Frameworks/Accelerate.framework/Versions/A/Frameworks/vecLib.framework/Versions/A/libvMisc.dylib
0x00000000349cf000 	/System/Library/Frameworks/Accelerate.framework/Versions/A/Frameworks/vecLib.framework/Versions/A/libLAPACK.dylib
0x00000000349cf000 	/System/Library/Frameworks/Accelerate.framework/Versions/A/Frameworks/vecLib.framework/Versions/A/libBLAS.dylib
0x00000000349cf000 	/System/Library/Frameworks/Accelerate.framework/Versions/A/Frameworks/vecLib.framework/Versions/A/libLinearAlgebra.dylib
0x00000000349cf000 	/System/Library/Frameworks/Accelerate.framework/Versions/A/Frameworks/vecLib.framework/Versions/A/libSparseBLAS.dylib
0x00000000349cf000 	/System/Library/Frameworks/ApplicationServices.framework/Versions/A/Frameworks/ATS.framework/Versions/A/Resources/libFontParser.dylib
0x00000000349cf000 	/System/Library/Frameworks/ApplicationServices.framework/Versions/A/Frameworks/ATS.framework/Versions/A/Resources/libFontRegistry.dylib
0x00000000349cf000 	/System/Library/Frameworks/ImageIO.framework/Versions/A/Resources/libJPEG.dylib
0x00000000349cf000 	/System/Library/Frameworks/ImageIO.framework/Versions/A/Resources/libTIFF.dylib
0x00000000349cf000 	/System/Library/Frameworks/ImageIO.framework/Versions/A/Resources/libPng.dylib
0x00000000349cf000 	/System/Library/Frameworks/ImageIO.framework/Versions/A/Resources/libGIF.dylib
0x00000000349cf000 	/System/Library/Frameworks/ImageIO.framework/Versions/A/Resources/libJP2.dylib
0x00000000349cf000 	/System/Library/Frameworks/ImageIO.framework/Versions/A/Resources/libRadiance.dylib
0x00000000349cf000 	/usr/lib/libcompression.dylib
0x00000000349cf000 	/System/Library/PrivateFrameworks/AppleJPEG.framework/Versions/A/AppleJPEG
0x00000000349cf000 	/usr/lib/libcups.2.dylib
0x00000000349cf000 	/System/Library/Frameworks/Kerberos.framework/Versions/A/Kerberos
0x00000000349cf000 	/System/Library/Frameworks/GSS.framework/Versions/A/GSS
0x00000000349cf000 	/usr/lib/libresolv.9.dylib
0x00000000349cf000 	/usr/lib/libiconv.2.dylib
0x00000000349cf000 	/System/Library/PrivateFrameworks/Heimdal.framework/Versions/A/Heimdal
0x00000000349cf000 	/usr/lib/libheimdal-asn1.dylib
0x00000000349cf000 	/System/Library/Frameworks/OpenDirectory.framework/Versions/A/OpenDirectory
0x00000000349cf000 	/System/Library/PrivateFrameworks/CommonAuth.framework/Versions/A/CommonAuth
0x00000000349cf000 	/System/Library/Frameworks/OpenDirectory.framework/Versions/A/Frameworks/CFOpenDirectory.framework/Versions/A/CFOpenDirectory
0x00000000349cf000 	/System/Library/Frameworks/SecurityFoundation.framework/Versions/A/SecurityFoundation
0x00000000349cf000 	/System/Library/PrivateFrameworks/LanguageModeling.framework/Versions/A/LanguageModeling
0x00000000349cf000 	/usr/lib/libmarisa.dylib
0x00000000349cf000 	/usr/lib/libChineseTokenizer.dylib
0x00000000349cf000 	/usr/lib/libcmph.dylib
0x00000000349cf000 	/System/Library/PrivateFrameworks/CoreEmoji.framework/Versions/A/CoreEmoji
0x00000000349cf000 	/System/Library/Frameworks/ServiceManagement.framework/Versions/A/ServiceManagement
0x00000000349cf000 	/usr/lib/libxslt.1.dylib
0x00000000349cf000 	/System/Library/Frameworks/Carbon.framework/Versions/A/Frameworks/Ink.framework/Versions/A/Ink
0x00000000349cf000 	/System/Library/PrivateFrameworks/TextureIO.framework/Versions/A/TextureIO
0x00000000349cf000 	/System/Library/Frameworks/Metal.framework/Versions/A/Metal
0x00000000349cf000 	/usr/lib/libate.dylib
0x00000000349cf000 	/System/Library/PrivateFrameworks/GPUCompiler.framework/libmetal_timestamp.dylib
0x00000000349cf000 	/System/Library/Frameworks/OpenGL.framework/Versions/A/Libraries/libCoreFSCache.dylib
0x00000000349cf000 	/System/Library/PrivateFrameworks/IOAccelerator.framework/Versions/A/IOAccelerator
0x00000000349cf000 	/System/Library/Frameworks/CoreVideo.framework/Versions/A/CoreVideo
0x00000000349cf000 	/usr/lib/libFosl_dynamic.dylib
0x00000000349cf000 	/System/Library/PrivateFrameworks/MetalPerformanceShaders.framework/Versions/A/MetalPerformanceShaders
0x00000000349cf000 	/System/Library/PrivateFrameworks/FaceCore.framework/Versions/A/FaceCore
0x00000000349cf000 	/System/Library/Frameworks/OpenCL.framework/Versions/A/OpenCL
0x00000000349cf000 	/System/Library/Frameworks/OpenGL.framework/Versions/A/Libraries/libGLU.dylib
0x00000000349cf000 	/System/Library/Frameworks/OpenGL.framework/Versions/A/Libraries/libGFXShared.dylib
0x00000000349cf000 	/System/Library/Frameworks/OpenGL.framework/Versions/A/Libraries/libGL.dylib
0x00000000349cf000 	/System/Library/Frameworks/OpenGL.framework/Versions/A/Libraries/libGLImage.dylib
0x00000000349cf000 	/System/Library/Frameworks/OpenGL.framework/Versions/A/Libraries/libCVMSPluginSupport.dylib
0x00000000349cf000 	/System/Library/Frameworks/OpenGL.framework/Versions/A/Libraries/libCoreVMClient.dylib
0x00000000349cf000 	/System/Library/PrivateFrameworks/CrashReporterSupport.framework/Versions/A/CrashReporterSupport
0x00000000349cf000 	/System/Library/PrivateFrameworks/Sharing.framework/Versions/A/Sharing
0x00000000349cf000 	/System/Library/PrivateFrameworks/IconServices.framework/Versions/A/IconServices
0x00000000349cf000 	/System/Library/PrivateFrameworks/ProtocolBuffer.framework/Versions/A/ProtocolBuffer
0x00000000349cf000 	/System/Library/PrivateFrameworks/Apple80211.framework/Versions/A/Apple80211
0x00000000349cf000 	/System/Library/Frameworks/CoreWLAN.framework/Versions/A/CoreWLAN
0x00000000349cf000 	/System/Library/PrivateFrameworks/CoreUtils.framework/Versions/A/CoreUtils
0x00000000349cf000 	/System/Library/Frameworks/IOBluetooth.framework/Versions/A/IOBluetooth
0x00000000349cf000 	/System/Library/PrivateFrameworks/CoreWiFi.framework/Versions/A/CoreWiFi
0x00000000349cf000 	/System/Library/Frameworks/CoreBluetooth.framework/Versions/A/CoreBluetooth
0x00000000349cf000 	/System/Library/Frameworks/CoreDisplay.framework/Versions/A/CoreDisplay
0x00000000349cf000 	/System/Library/PrivateFrameworks/IOPresentment.framework/Versions/A/IOPresentment
0x00000000349cf000 	/System/Library/PrivateFrameworks/DSExternalDisplay.framework/Versions/A/DSExternalDisplay
0x00000000349cf000 	/System/Library/PrivateFrameworks/DebugSymbols.framework/Versions/A/DebugSymbols
0x00000000349cf000 	/System/Library/PrivateFrameworks/CoreSymbolication.framework/Versions/A/CoreSymbolication
0x00000000349cf000 	/System/Library/PrivateFrameworks/Symbolication.framework/Versions/A/Symbolication
0x00000000349cf000 	/System/Library/PrivateFrameworks/AppleFSCompression.framework/Versions/A/AppleFSCompression
0x00000000349cf000 	/System/Library/PrivateFrameworks/SpeechRecognitionCore.framework/Versions/A/SpeechRecognitionCore
0x00000000349cf000 	/System/Library/PrivateFrameworks/ChunkingLibrary.framework/Versions/A/ChunkingLibrary
0x00000001024fc000 	/Library/Java/JavaVirtualMachines/jdk1.8.0_101.jdk/Contents/Home/jre/lib/server/libjvm.dylib
0x00000000349cf000 	/usr/lib/libstdc++.6.dylib
0x00000001013ae000 	/Library/Java/JavaVirtualMachines/jdk1.8.0_101.jdk/Contents/Home/jre/lib/libverify.dylib
0x00000001013bc000 	/Library/Java/JavaVirtualMachines/jdk1.8.0_101.jdk/Contents/Home/jre/lib/libjava.dylib
0x0000000101c00000 	/Library/Java/JavaVirtualMachines/jdk1.8.0_101.jdk/Contents/Home/jre/lib/libzip.dylib

VM Arguments:
java_command: <unknown>
java_class_path (initial): .
Launcher Type: SUN_STANDARD

Environment Variables:
PATH=/usr/bin:/bin:/usr/sbin:/sbin
SHELL=/bin/bash

Signal Handlers:
SIGSEGV: [libjvm.dylib+0x5af145], sa_mask[0]=11111111011111110111111111111111, sa_flags=SA_ONSTACK|SA_RESTART|SA_SIGINFO
SIGBUS: [libjvm.dylib+0x5af145], sa_mask[0]=11111111011111110111111111111111, sa_flags=SA_RESTART|SA_SIGINFO
SIGFPE: [libjvm.dylib+0x48694c], sa_mask[0]=11111111011111110111111111111111, sa_flags=SA_RESTART|SA_SIGINFO
SIGPIPE: [libjvm.dylib+0x48694c], sa_mask[0]=11111111011111110111111111111111, sa_flags=SA_RESTART|SA_SIGINFO
SIGXFSZ: [libjvm.dylib+0x48694c], sa_mask[0]=11111111011111110111111111111111, sa_flags=SA_RESTART|SA_SIGINFO
SIGILL: [libjvm.dylib+0x48694c], sa_mask[0]=11111111011111110111111111111111, sa_flags=SA_RESTART|SA_SIGINFO
SIGUSR1: SIG_DFL, sa_mask[0]=00000000000000000000000000000000, sa_flags=none
SIGUSR2: [libjvm.dylib+0x48646a], sa_mask[0]=00100000000000000000000000000000, sa_flags=SA_RESTART|SA_SIGINFO
SIGHUP: SIG_DFL, sa_mask[0]=11111111011111110111111111111111, sa_flags=SA_RESTART|SA_SIGINFO
SIGINT: SIG_DFL, sa_mask[0]=11111111011111110111111111111111, sa_flags=SA_RESTART|SA_SIGINFO
SIGTERM: SIG_DFL, sa_mask[0]=11111111011111110111111111111111, sa_flags=SA_RESTART|SA_SIGINFO
SIGQUIT: SIG_DFL, sa_mask[0]=11111111011111110111111111111111, sa_flags=SA_RESTART|SA_SIGINFO


---------------  S Y S T E M  ---------------

OS:Bsduname:Darwin 16.7.0 Darwin Kernel Version 16.7.0: Thu Jun 15 17:36:27 PDT 2017; root:xnu-3789.70.16~2/RELEASE_X86_64 x86_64
rlimit: STACK 8192k, CORE 0k, NPROC 709, NOFILE 10240, AS infinity
load average:2.50 2.52 2.92

CPU:total 4 

Memory: 4k page, physical 10485760k(3118820k free)

/proc/meminfo:


vm_info: Java HotSpot(TM) 64-Bit Server VM (25.101-b13) for bsd-amd64 JRE (1.8.0_101-b13), built on Jun 22 2016 02:42:15 by "java_re" with gcc 4.2.1 (Based on Apple Inc. build 5658) (LLVM build 2336.11.00)

time: Sat Sep  2 09:32:00 2017
elapsed time: 0 seconds (0d 0h 0m 0s)

